0 info it worked if it ends with ok
1 verbose cli [ '/usr/local/bin/node', '/usr/local/bin/npm', 'run', 'test' ]
2 info using npm@3.10.10
3 info using node@v6.10.0
4 verbose run-script [ 'pretest', 'test', 'posttest' ]
5 info lifecycle knockout-tournament@0.0.0~pretest: knockout-tournament@0.0.0
6 silly lifecycle knockout-tournament@0.0.0~pretest: no script for pretest, continuing
7 info lifecycle knockout-tournament@0.0.0~test: knockout-tournament@0.0.0
8 verbose lifecycle knockout-tournament@0.0.0~test: unsafe-perm in lifecycle true
9 verbose lifecycle knockout-tournament@0.0.0~test: PATH: /usr/local/lib/node_modules/npm/bin/node-gyp-bin:/Users/awaisnawaz/node/challenge/node_modules/.bin:/usr/local/Cellar/hive–2.1.0/bin:/usr/local/bin:/usr/bin:/bin:/usr/sbin:/sbin:/usr/local/Cellar/hive–2.1.0/bin
10 verbose lifecycle knockout-tournament@0.0.0~test: CWD: /Users/awaisnawaz/node/challenge
11 silly lifecycle knockout-tournament@0.0.0~test: Args: [ '-c',
11 silly lifecycle   'npm run test:integration && npm run test:karma -- --single-run' ]
12 silly lifecycle knockout-tournament@0.0.0~test: Returned: code: 1  signal: null
13 info lifecycle knockout-tournament@0.0.0~test: Failed to exec test script
14 verbose stack Error: knockout-tournament@0.0.0 test: `npm run test:integration && npm run test:karma -- --single-run`
14 verbose stack Exit status 1
14 verbose stack     at EventEmitter.<anonymous> (/usr/local/lib/node_modules/npm/lib/utils/lifecycle.js:255:16)
14 verbose stack     at emitTwo (events.js:106:13)
14 verbose stack     at EventEmitter.emit (events.js:191:7)
14 verbose stack     at ChildProcess.<anonymous> (/usr/local/lib/node_modules/npm/lib/utils/spawn.js:40:14)
14 verbose stack     at emitTwo (events.js:106:13)
14 verbose stack     at ChildProcess.emit (events.js:191:7)
14 verbose stack     at maybeClose (internal/child_process.js:877:16)
14 verbose stack     at Process.ChildProcess._handle.onexit (internal/child_process.js:226:5)
15 verbose pkgid knockout-tournament@0.0.0
16 verbose cwd /Users/awaisnawaz/node/challenge
17 error Darwin 16.5.0
18 error argv "/usr/local/bin/node" "/usr/local/bin/npm" "run" "test"
19 error node v6.10.0
20 error npm  v3.10.10
21 error code ELIFECYCLE
22 error knockout-tournament@0.0.0 test: `npm run test:integration && npm run test:karma -- --single-run`
22 error Exit status 1
23 error Failed at the knockout-tournament@0.0.0 test script 'npm run test:integration && npm run test:karma -- --single-run'.
23 error Make sure you have the latest version of node.js and npm installed.
23 error If you do, this is most likely a problem with the knockout-tournament package,
23 error not with npm itself.
23 error Tell the author that this fails on your system:
23 error     npm run test:integration && npm run test:karma -- --single-run
23 error You can get information on how to open an issue for this project with:
23 error     npm bugs knockout-tournament
23 error Or if that isn't available, you can get their info via:
23 error     npm owner ls knockout-tournament
23 error There is likely additional logging output above.
24 verbose exit [ 1, true ]
